<?xml version="1.0" encoding="UTF-8"?>
<!-- Generated by org.testng.reporters.JUnitReportReporter -->
<testsuite hostname="4J49RN2" name="com.javacodegeeks.testng.maven.TestNgMavenExample" tests="1" failures="0" timestamp="15 Sep 2020 15:56:07 GMT" time="0.006" errors="0">
  <testcase name="exampleOfTestNgMaven" time="0.006" classname="com.javacodegeeks.testng.maven.TestNgMavenExample"/>
</testsuite> <!-- com.javacodegeeks.testng.maven.TestNgMavenExample -->
